app/build/intermediates/manifest_merge_blame_file/release/manifest-merger-blame-release-report.txt
1<?xml version="1.0" encoding="utf-8"?>
2<manifest xmlns:android="http://schemas.android.com/apk/res/android"
3    package="com.radio.app"
4    android:versionCode="601"
5    android:versionName="3.1.210" >
6
7    <uses-sdk
8        android:minSdkVersion="26"
8-->src/main/AndroidManifest.xml
9        android:targetSdkVersion="33" />
9-->src/main/AndroidManifest.xml
10
11    <uses-permission android:name="android.permission.INTERNET" />
11-->src/main/AndroidManifest.xml:4:5-67
11-->src/main/AndroidManifest.xml:4:22-64
12    <uses-permission android:name="android.permission.ACCESS_NETWORK_STATE" />
12-->src/main/AndroidManifest.xml:5:5-79
12-->src/main/AndroidManifest.xml:5:22-76
13    <uses-permission android:name="android.permission.BLUETOOTH" />
13-->src/main/AndroidManifest.xml:6:5-68
13-->src/main/AndroidManifest.xml:6:22-65
14    <uses-permission android:name="android.permission.FOREGROUND_SERVICE" />
14-->src/main/AndroidManifest.xml:7:5-77
14-->src/main/AndroidManifest.xml:7:22-74
15    <uses-permission android:name="android.permission.FOREGROUND_SERVICE_MEDIA_PLAYBACK" />
15-->src/main/AndroidManifest.xml:8:5-92
15-->src/main/AndroidManifest.xml:8:22-89
16    <uses-permission android:name="android.permission.FOREGROUND_SERVICE_DATA_SYNC" />
16-->src/main/AndroidManifest.xml:9:5-87
16-->src/main/AndroidManifest.xml:9:22-84
17    <uses-permission android:name="android.permission.WAKE_LOCK" />
17-->src/main/AndroidManifest.xml:10:5-68
17-->src/main/AndroidManifest.xml:10:22-65
18    <uses-permission android:name="android.permission.POST_NOTIFICATIONS" />
18-->src/main/AndroidManifest.xml:11:5-77
18-->src/main/AndroidManifest.xml:11:22-74
19    <uses-permission
19-->src/main/AndroidManifest.xml:12:5-13:38
20        android:name="android.permission.WRITE_EXTERNAL_STORAGE"
20-->src/main/AndroidManifest.xml:12:22-78
21        android:maxSdkVersion="32" />
21-->src/main/AndroidManifest.xml:13:9-35
22    <uses-permission
22-->src/main/AndroidManifest.xml:14:5-15:38
23        android:name="android.permission.READ_EXTERNAL_STORAGE"
23-->src/main/AndroidManifest.xml:14:22-77
24        android:maxSdkVersion="32" />
24-->src/main/AndroidManifest.xml:15:9-35
25    <uses-permission android:name="android.permission.MANAGE_EXTERNAL_STORAGE" />
25-->src/main/AndroidManifest.xml:16:5-82
25-->src/main/AndroidManifest.xml:16:22-79
26    <uses-permission android:name="android.permission.KILL_BACKGROUND_PROCESSES" />
26-->src/main/AndroidManifest.xml:17:5-84
26-->src/main/AndroidManifest.xml:17:22-81
27
28    <permission
28-->[androidx.core:core:1.10.1] AndroidManifest.xml:22:5-24:47
29        android:name="com.radio.app.DYNAMIC_RECEIVER_NOT_EXPORTED_PERMISSION"
29-->[androidx.core:core:1.10.1] AndroidManifest.xml:23:9-81
30        android:protectionLevel="signature" />
30-->[androidx.core:core:1.10.1] AndroidManifest.xml:24:9-44
31
32    <uses-permission android:name="com.radio.app.DYNAMIC_RECEIVER_NOT_EXPORTED_PERMISSION" />
32-->[androidx.core:core:1.10.1] AndroidManifest.xml:26:5-97
32-->[androidx.core:core:1.10.1] AndroidManifest.xml:26:22-94
33
34    <application
34-->src/main/AndroidManifest.xml:19:5-115:19
35        android:name="com.radio.app.RadioApplication"
35-->src/main/AndroidManifest.xml:21:9-41
36        android:allowBackup="true"
36-->src/main/AndroidManifest.xml:22:9-35
37        android:appComponentFactory="androidx.core.app.CoreComponentFactory"
37-->[androidx.core:core:1.10.1] AndroidManifest.xml:28:18-86
38        android:extractNativeLibs="false"
39        android:icon="@mipmap/ic_launcher"
39-->src/main/AndroidManifest.xml:23:9-43
40        android:label="@string/app_name"
40-->src/main/AndroidManifest.xml:24:9-41
41        android:largeHeap="true"
41-->src/main/AndroidManifest.xml:20:9-33
42        android:requestLegacyExternalStorage="true"
42-->src/main/AndroidManifest.xml:26:9-52
43        android:supportsRtl="true"
43-->src/main/AndroidManifest.xml:25:9-35
44        android:theme="@style/Theme.RadioApp.Fresh" >
44-->src/main/AndroidManifest.xml:27:9-52
45        <activity
45-->src/main/AndroidManifest.xml:29:9-36:20
46            android:name="com.radio.app.activities.MainActivity"
46-->src/main/AndroidManifest.xml:30:13-52
47            android:exported="true" >
47-->src/main/AndroidManifest.xml:31:13-36
48            <intent-filter>
48-->src/main/AndroidManifest.xml:32:13-35:29
49                <action android:name="android.intent.action.MAIN" />
49-->src/main/AndroidManifest.xml:33:17-69
49-->src/main/AndroidManifest.xml:33:25-66
50
51                <category android:name="android.intent.category.LAUNCHER" />
51-->src/main/AndroidManifest.xml:34:17-77
51-->src/main/AndroidManifest.xml:34:27-74
52            </intent-filter>
53        </activity>
54        <activity
54-->src/main/AndroidManifest.xml:38:9-43:157
55            android:name="com.radio.app.activities.PlayerActivity"
55-->src/main/AndroidManifest.xml:39:13-54
56            android:alwaysRetainTaskState="true"
56-->src/main/AndroidManifest.xml:42:13-49
57            android:configChanges="orientation|screenSize|screenLayout|keyboardHidden|uiMode|fontScale|locale|layoutDirection|smallestScreenSize|density"
57-->src/main/AndroidManifest.xml:43:13-154
58            android:exported="false"
58-->src/main/AndroidManifest.xml:40:13-37
59            android:launchMode="singleTop" />
59-->src/main/AndroidManifest.xml:41:13-43
60        <activity
60-->src/main/AndroidManifest.xml:45:9-48:69
61            android:name="com.radio.app.activities.KeywordSettingsActivity"
61-->src/main/AndroidManifest.xml:46:13-63
62            android:exported="false"
62-->src/main/AndroidManifest.xml:47:13-37
63            android:parentActivityName="com.radio.app.activities.MainActivity" />
63-->src/main/AndroidManifest.xml:48:13-66
64        <activity
64-->src/main/AndroidManifest.xml:50:9-53:69
65            android:name="com.radio.app.activities.OfflineEngineActivity"
65-->src/main/AndroidManifest.xml:51:13-61
66            android:exported="false"
66-->src/main/AndroidManifest.xml:52:13-37
67            android:parentActivityName="com.radio.app.activities.MainActivity" />
67-->src/main/AndroidManifest.xml:53:13-66
68        <activity
68-->src/main/AndroidManifest.xml:55:9-58:69
69            android:name="com.radio.app.activities.DislikedEpisodesActivity"
69-->src/main/AndroidManifest.xml:56:13-64
70            android:exported="false"
70-->src/main/AndroidManifest.xml:57:13-37
71            android:parentActivityName="com.radio.app.activities.MainActivity" />
71-->src/main/AndroidManifest.xml:58:13-66
72        <activity
72-->src/main/AndroidManifest.xml:60:9-63:80
73            android:name="com.radio.app.activities.FingerprintGroupActivity"
73-->src/main/AndroidManifest.xml:61:13-64
74            android:exported="false"
74-->src/main/AndroidManifest.xml:62:13-37
75            android:parentActivityName="com.radio.app.activities.KeywordSettingsActivity" />
75-->src/main/AndroidManifest.xml:63:13-77
76        <activity
76-->src/main/AndroidManifest.xml:65:9-68:80
77            android:name="com.radio.app.activities.FingerprintManagementActivity"
77-->src/main/AndroidManifest.xml:66:13-69
78            android:exported="false"
78-->src/main/AndroidManifest.xml:67:13-37
79            android:parentActivityName="com.radio.app.activities.KeywordSettingsActivity" />
79-->src/main/AndroidManifest.xml:68:13-77
80
81        <service
81-->src/main/AndroidManifest.xml:70:9-74:44
82            android:name="com.radio.app.services.RadioPlaybackService"
82-->src/main/AndroidManifest.xml:71:13-58
83            android:exported="false"
83-->src/main/AndroidManifest.xml:72:13-37
84            android:foregroundServiceType="mediaPlayback"
84-->src/main/AndroidManifest.xml:73:13-58
85            android:stopWithTask="false" />
85-->src/main/AndroidManifest.xml:74:13-41
86        <service
86-->src/main/AndroidManifest.xml:76:9-80:56
87            android:name="com.radio.app.services.SubtitleGeneratorService"
87-->src/main/AndroidManifest.xml:77:13-62
88            android:exported="false"
88-->src/main/AndroidManifest.xml:78:13-37
89            android:foregroundServiceType="dataSync"
89-->src/main/AndroidManifest.xml:80:13-53
90            android:process=":subtitle" />
90-->src/main/AndroidManifest.xml:79:13-40
91        <service
91-->src/main/AndroidManifest.xml:82:9-85:56
92            android:name="com.radio.app.services.AudioFingerprintService"
92-->src/main/AndroidManifest.xml:83:13-61
93            android:exported="false"
93-->src/main/AndroidManifest.xml:84:13-37
94            android:foregroundServiceType="dataSync" />
94-->src/main/AndroidManifest.xml:85:13-53
95        <service
95-->src/main/AndroidManifest.xml:87:9-90:41
96            android:name="com.radio.app.services.YamnetService"
96-->src/main/AndroidManifest.xml:88:13-51
97            android:exported="false"
97-->src/main/AndroidManifest.xml:89:13-37
98            android:process=":yamnet" />
98-->src/main/AndroidManifest.xml:90:13-38
99
100        <receiver
100-->src/main/AndroidManifest.xml:92:9-98:20
101            android:name="com.radio.app.utils.SegmentCancelReceiver"
101-->src/main/AndroidManifest.xml:93:13-56
102            android:exported="false" >
102-->src/main/AndroidManifest.xml:94:13-37
103            <intent-filter>
103-->src/main/AndroidManifest.xml:95:13-97:29
104                <action android:name="com.radio.app.CANCEL_SEGMENT" />
104-->src/main/AndroidManifest.xml:96:17-71
104-->src/main/AndroidManifest.xml:96:25-68
105            </intent-filter>
106        </receiver>
107        <receiver
107-->src/main/AndroidManifest.xml:100:9-106:20
108            android:name="com.radio.app.utils.PcmPregenCancelReceiver"
108-->src/main/AndroidManifest.xml:101:13-58
109            android:exported="false" >
109-->src/main/AndroidManifest.xml:102:13-37
110            <intent-filter>
110-->src/main/AndroidManifest.xml:103:13-105:29
111                <action android:name="com.radio.app.CANCEL_PCM_PREGEN" />
111-->src/main/AndroidManifest.xml:104:17-74
111-->src/main/AndroidManifest.xml:104:25-71
112            </intent-filter>
113        </receiver>
114        <receiver
114-->src/main/AndroidManifest.xml:108:9-114:20
115            android:name="com.radio.app.utils.FingerprintTestCancelReceiver"
115-->src/main/AndroidManifest.xml:109:13-64
116            android:exported="false" >
116-->src/main/AndroidManifest.xml:110:13-37
117            <intent-filter>
117-->src/main/AndroidManifest.xml:111:13-113:29
118                <action android:name="com.radio.app.CANCEL_FINGERPRINT_TEST" />
118-->src/main/AndroidManifest.xml:112:17-80
118-->src/main/AndroidManifest.xml:112:25-77
119            </intent-filter>
120        </receiver>
121
122        <provider
122-->[androidx.emoji2:emoji2:1.2.0] AndroidManifest.xml:24:9-32:20
123            android:name="androidx.startup.InitializationProvider"
123-->[androidx.emoji2:emoji2:1.2.0] AndroidManifest.xml:25:13-67
124            android:authorities="com.radio.app.androidx-startup"
124-->[androidx.emoji2:emoji2:1.2.0] AndroidManifest.xml:26:13-68
125            android:exported="false" >
125-->[androidx.emoji2:emoji2:1.2.0] AndroidManifest.xml:27:13-37
126            <meta-data
126-->[androidx.emoji2:emoji2:1.2.0] AndroidManifest.xml:29:13-31:52
127                android:name="androidx.emoji2.text.EmojiCompatInitializer"
127-->[androidx.emoji2:emoji2:1.2.0] AndroidManifest.xml:30:17-75
128                android:value="androidx.startup" />
128-->[androidx.emoji2:emoji2:1.2.0] AndroidManifest.xml:31:17-49
129            <meta-data
129-->[androidx.lifecycle:lifecycle-process:2.6.2] AndroidManifest.xml:29:13-31:52
130                android:name="androidx.lifecycle.ProcessLifecycleInitializer"
130-->[androidx.lifecycle:lifecycle-process:2.6.2] AndroidManifest.xml:30:17-78
131                android:value="androidx.startup" />
131-->[androidx.lifecycle:lifecycle-process:2.6.2] AndroidManifest.xml:31:17-49
132            <meta-data
132-->[androidx.profileinstaller:profileinstaller:1.3.0] AndroidManifest.xml:29:13-31:52
133                android:name="androidx.profileinstaller.ProfileInstallerInitializer"
133-->[androidx.profileinstaller:profileinstaller:1.3.0] AndroidManifest.xml:30:17-85
134                android:value="androidx.startup" />
134-->[androidx.profileinstaller:profileinstaller:1.3.0] AndroidManifest.xml:31:17-49
135        </provider>
136
137        <receiver
137-->[androidx.profileinstaller:profileinstaller:1.3.0] AndroidManifest.xml:34:9-52:20
138            android:name="androidx.profileinstaller.ProfileInstallReceiver"
138-->[androidx.profileinstaller:profileinstaller:1.3.0] AndroidManifest.xml:35:13-76
139            android:directBootAware="false"
139-->[androidx.profileinstaller:profileinstaller:1.3.0] AndroidManifest.xml:36:13-44
140            android:enabled="true"
140-->[androidx.profileinstaller:profileinstaller:1.3.0] AndroidManifest.xml:37:13-35
141            android:exported="true"
141-->[androidx.profileinstaller:profileinstaller:1.3.0] AndroidManifest.xml:38:13-36
142            android:permission="android.permission.DUMP" >
142-->[androidx.profileinstaller:profileinstaller:1.3.0] AndroidManifest.xml:39:13-57
143            <intent-filter>
143-->[androidx.profileinstaller:profileinstaller:1.3.0] AndroidManifest.xml:40:13-42:29
144                <action android:name="androidx.profileinstaller.action.INSTALL_PROFILE" />
144-->[androidx.profileinstaller:profileinstaller:1.3.0] AndroidManifest.xml:41:17-91
144-->[androidx.profileinstaller:profileinstaller:1.3.0] AndroidManifest.xml:41:25-88
145            </intent-filter>
146            <intent-filter>
146-->[androidx.profileinstaller:profileinstaller:1.3.0] AndroidManifest.xml:43:13-45:29
147                <action android:name="androidx.profileinstaller.action.SKIP_FILE" />
147-->[androidx.profileinstaller:profileinstaller:1.3.0] AndroidManifest.xml:44:17-85
147-->[androidx.profileinstaller:profileinstaller:1.3.0] AndroidManifest.xml:44:25-82
148            </intent-filter>
149            <intent-filter>
149-->[androidx.profileinstaller:profileinstaller:1.3.0] AndroidManifest.xml:46:13-48:29
150                <action android:name="androidx.profileinstaller.action.SAVE_PROFILE" />
150-->[androidx.profileinstaller:profileinstaller:1.3.0] AndroidManifest.xml:47:17-88
150-->[androidx.profileinstaller:profileinstaller:1.3.0] AndroidManifest.xml:47:25-85
151            </intent-filter>
152            <intent-filter>
152-->[androidx.profileinstaller:profileinstaller:1.3.0] AndroidManifest.xml:49:13-51:29
153                <action android:name="androidx.profileinstaller.action.BENCHMARK_OPERATION" />
153-->[androidx.profileinstaller:profileinstaller:1.3.0] AndroidManifest.xml:50:17-95
153-->[androidx.profileinstaller:profileinstaller:1.3.0] AndroidManifest.xml:50:25-92
154            </intent-filter>
155        </receiver>
156    </application>
157
158</manifest>